Build started 30.12.2016 21:31:53.
     1>Project "C:\Users\USER\documents\visual studio 2012\Projects\helloASM\helloASM\helloASM.vcxproj" on node 2 (Build target(s)).
     1>ClCompile:
         C:\Program Files (x86)\Microsoft Visual Studio 11.0\VC\bin\CL.exe /c /ZI /nologo /W3 /WX- /sdl /Od /Oy- /D "WIN32" /D _DEBUG /D _CONSOLE /D "_UNICODE" /D "UNICODE" /Gm /EHsc /RTC1 /MDd /GS /fp:precise /Zc:wchar_t /Zc:forScope /Fo"Debug\\" /Fd"Debug\vc110.pdb" /Gd /TP /analyze- /errorReport:prompt main.cpp
         main.cpp
     1>c:\users\user\documents\visual studio 2012\projects\helloasm\helloasm\main.cpp(14): warning C4390: ';' : empty controlled statement found; is this the intent?
     1>c:\users\user\documents\visual studio 2012\projects\helloasm\helloasm\main.cpp(17): warning C4390: ';' : empty controlled statement found; is this the intent?
       Link:
         C:\Program Files (x86)\Microsoft Visual Studio 11.0\VC\bin\link.exe /ERRORREPORT:PROMPT /OUT:"C:\Users\USER\documents\visual studio 2012\Projects\helloASM\Debug\helloASM.exe" /INCREMENTAL /NOLOGO kernel32.lib user32.lib gdi32.lib winspool.lib comdlg32.lib advapi32.lib shell32.lib ole32.lib oleaut32.lib uuid.lib odbc32.lib odbccp32.lib /MANIFEST /MANIFESTUAC:"level='asInvoker' uiAccess='false'" /manifest:embed /DEBUG /PDB:"C:\Users\USER\documents\visual studio 2012\Projects\helloASM\Debug\helloASM.pdb" /SUBSYSTEM:CONSOLE /TLBID:1 /DYNAMICBASE /NXCOMPAT /IMPLIB:"C:\Users\USER\documents\visual studio 2012\Projects\helloASM\Debug\helloASM.lib" /MACHINE:X86 Debug\main.obj
     1>main.obj : error LNK2019: unresolved external symbol _Multiply referenced in function _main
     1>main.obj : error LNK2019: unresolved external symbol _Divide referenced in function _main
     1>main.obj : error LNK2019: unresolved external symbol _Remainder referenced in function _main
     1>C:\Users\USER\documents\visual studio 2012\Projects\helloASM\Debug\helloASM.exe : fatal error LNK1120: 3 unresolved externals
     1>Done Building Project "C:\Users\USER\documents\visual studio 2012\Projects\helloASM\helloASM\helloASM.vcxproj" (Build target(s)) -- FAILED.

Build FAILED.

Time Elapsed 00:00:04.11
